set -o xtrace

CURDIR=$(pwd)
++pwd
+CURDIR=/home/travis/build/greyltc/archlinux-bootstrapper
TMPDIR=$(mktemp -d /var/tmp/genbootstrap.XXXXXX)
++mktemp -d /var/tmp/genbootstrap.XXXXXX
+TMPDIR=/var/tmp/genbootstrap.sQgROw

build_root() {
  sudo mkdir -p "${TMPDIR}"/root
  cat > "${TMPDIR}"/pacman.conf << "EOF"
[options]
Architecture = auto
CheckSpace
Color
SigLevel = Required DatabaseOptional
[core]
Include = /etc/pacman.d/mirrorlist
[extra]
Include = /etc/pacman.d/mirrorlist
[community]
Include = /etc/pacman.d/mirrorlist
EOF
  sudo mkdir -p "${TMPDIR}"/genroot
  sudo pacstrap -C "${TMPDIR}"/pacman.conf -c -d -G -M "${TMPDIR}"/root arch-install-scripts systemd
  sudo rm "${TMPDIR}"/root/var/lib/pacman/sync/*
}

fetch_root() {
  pushd "${TMPDIR}"
  wget --continue -nv -e robots=off -r --no-parent -A 'archlinux-bootstrap-*' https://mirrors.edge.kernel.org/archlinux/iso/latest/
  cp mirrors.edge.kernel.org/archlinux/iso/latest/archlinux-bootstrap-* .

  # verify .sig
  gpg --no-default-keyring --keyring ./vendors.gpg --keyserver keyserver.ubuntu.com --recv-keys 4AA4767BBC9C4B1D18AE28B77F2D434B9741E8AC
  gpg --no-default-keyring --keyring ./vendors.gpg --list-keys --fingerprint --with-colons | sed -E -n -e 's/^fpr:::::::::([0-9A-F]+):$/\1:6:/p' | gpg --no-default-keyring --keyring ./vendors.gpg --import-ownertrust
  gpg --trust-model always --no-default-keyring --keyring ./vendors.gpg --verify *.sig
  rm *.sig

  sudo tar xzf archlinux-bootstrap-*-x86_64.tar.gz
  sudo mv root.x86_64 root

  popd
}

if [ -f "/etc/arch-release" ]; then
  build_root
else
  fetch_root
fi
+'[' -f /etc/arch-release ']'
+fetch_root
+pushd /var/tmp/genbootstrap.sQgROw
/var/tmp/genbootstrap.sQgROw ~/build/greyltc/archlinux-bootstrapper
+wget --continue -nv -e robots=off -r --no-parent -A 'archlinux-bootstrap-*' https://mirrors.edge.kernel.org/archlinux/iso/latest/
2020-04-02 16:53:53 URL:https://mirrors.edge.kernel.org/archlinux/iso/latest/ [1146] -> "mirrors.edge.kernel.org/archlinux/iso/latest/index.html.tmp" [1]
2020-04-02 16:53:53 URL:https://mirrors.edge.kernel.org/archlinux/iso/latest/arch/ [385] -> "mirrors.edge.kernel.org/archlinux/iso/latest/arch/index.html.tmp" [1]
2020-04-02 16:54:22 URL:https://mirrors.edge.kernel.org/archlinux/iso/latest/archlinux-bootstrap-2020.04.01-x86_64.tar.gz [165344016/165344016] -> "mirrors.edge.kernel.org/archlinux/iso/latest/archlinux-bootstrap-2020.04.01-x86_64.tar.gz" [1]
2020-04-02 16:54:22 URL:https://mirrors.edge.kernel.org/archlinux/iso/latest/archlinux-bootstrap-2020.04.01-x86_64.tar.gz.sig [310/310] -> "mirrors.edge.kernel.org/archlinux/iso/latest/archlinux-bootstrap-2020.04.01-x86_64.tar.gz.sig" [1]
2020-04-02 16:54:22 URL:https://mirrors.edge.kernel.org/archlinux/iso/latest/arch/boot/ [850] -> "mirrors.edge.kernel.org/archlinux/iso/latest/arch/boot/index.html.tmp" [1]
2020-04-02 16:54:22 URL:https://mirrors.edge.kernel.org/archlinux/iso/latest/arch/x86_64/ [523] -> "mirrors.edge.kernel.org/archlinux/iso/latest/arch/x86_64/index.html.tmp" [1]
2020-04-02 16:54:22 URL:https://mirrors.edge.kernel.org/archlinux/iso/latest/arch/boot/x86_64/ [637] -> "mirrors.edge.kernel.org/archlinux/iso/latest/arch/boot/x86_64/index.html.tmp" [1]
FINISHED --2020-04-02 16:54:22--
Total wall clock time: 29s
Downloaded: 7 files, 158M in 29s (5.49 MB/s)
+cp mirrors.edge.kernel.org/archlinux/iso/latest/archlinux-bootstrap-2020.04.01-x86_64.tar.gz mirrors.edge.kernel.org/archlinux/iso/latest/archlinux-bootstrap-2020.04.01-x86_64.tar.gz.sig .
+gpg --no-default-keyring --keyring ./vendors.gpg --keyserver keyserver.ubuntu.com --recv-keys 4AA4767BBC9C4B1D18AE28B77F2D434B9741E8AC
gpg: keybox './vendors.gpg' created
gpg: key 7F2D434B9741E8AC: 2 duplicate signatures removed
gpg: key 7F2D434B9741E8AC: 50 signatures not checked due to missing keys
gpg: key 7F2D434B9741E8AC: public key "Pierre Schmitz <pierre@archlinux.de>" imported
gpg: no ultimately trusted keys found
gpg: Total number processed: 1
gpg:               imported: 1
+sed -E -n -e 's/^fpr:::::::::([0-9A-F]+):$/\1:6:/p'
+gpg --no-default-keyring --keyring ./vendors.gpg --import-ownertrust
+gpg --no-default-keyring --keyring ./vendors.gpg --list-keys --fingerprint --with-colons
gpg: inserting ownertrust of 6
gpg: inserting ownertrust of 6
+gpg --trust-model always --no-default-keyring --keyring ./vendors.gpg --verify archlinux-bootstrap-2020.04.01-x86_64.tar.gz.sig
gpg: assuming signed data in 'archlinux-bootstrap-2020.04.01-x86_64.tar.gz'
gpg: Signature made Wed 01 Apr 2020 03:38:32 AM UTC
gpg:                using RSA key 4AA4767BBC9C4B1D18AE28B77F2D434B9741E8AC
gpg: Good signature from "Pierre Schmitz <pierre@archlinux.de>" [unknown]
gpg: WARNING: Using untrusted key!
+rm archlinux-bootstrap-2020.04.01-x86_64.tar.gz.sig
+sudo tar xzf archlinux-bootstrap-2020.04.01-x86_64.tar.gz
tar: Ignoring unknown extended header keyword 'LIBARCHIVE.xattr.security.capability'
tar: Ignoring unknown extended header keyword 'LIBARCHIVE.xattr.security.capability'
+sudo mv root.x86_64 root
+popd
~/build/greyltc/archlinux-bootstrapper

sudo mkdir -p "${TMPDIR}"/root-bind
+sudo mkdir -p /var/tmp/genbootstrap.sQgROw/root-bind
sudo mount --bind "${TMPDIR}"/root "${TMPDIR}"/root-bind
+sudo mount --bind /var/tmp/genbootstrap.sQgROw/root /var/tmp/genbootstrap.sQgROw/root-bind

cat > "${TMPDIR}"/setup-tasks.sh << "EOF"
#!/usr/bin/env bash
set -o pipefail
set -o errexit
set -o nounset
set -o verbose
set -o xtrace

pacman-key --init
pacman-key --populate archlinux
#cd /root

curl -L -o /etc/pacman.d/mirrorlist.backup https://www.archlinux.org/mirrorlist/all/https/
cp /etc/pacman.d/mirrorlist.backup /etc/pacman.d/mirrorlist
echo 'Server = https://mirror.rackspace.com/archlinux/$repo/os/$arch' >> /etc/pacman.d/mirrorlist

pacman -Syyu --needed --noconfirm sed pacman-contrib base reflector

LOCALE=en_US.UTF-8
CHARSET=UTF-8
sed -i "s,^#${LOCALE} ${CHARSET},${LOCALE} ${CHARSET},g" /etc/locale.gen
localectl set-locale LANG=${LOCALE}
locale-gen

# fixup mirrors
echo -e '#!/usr/bin/env bash\necho "Optimizing mirrorlist (this may take a few minutes)..."\nreflector --verbose --latest 200 --protocol http --protocol https --sort rate --save /etc/pacman.d/mirrorlist' > /usr/bin/reflect-mirrors
chmod +x /usr/bin/reflect-mirrors
reflect-mirrors

# setup package building stuff
groupadd builders
useradd -m -s /bin/bash builder
usermod -a -G wheel builder
usermod -a -G builders builder
MAKEPKG_BACKUP="/var/cache/makepkg/pkg"
mkdir -p "${MAKEPKG_BACKUP}"
chgrp builders "${MAKEPKG_BACKUP}"
chmod g+w "${MAKEPKG_BACKUP}"
sed -i "s,^#PKGDEST=.*$,PKGDEST=${MAKEPKG_BACKUP},g" /etc/makepkg.conf
sed -i 's,^#MAKEFLAGS=.*$,MAKEFLAGS="-j2",g' /etc/makepkg.conf

#sed -i 's/^#Server/Server/' /etc/pacman.d/mirrorlist.backup
#rankmirrors -n 6 /etc/pacman.d/mirrorlist.backup > /etc/pacman.d/mirrorlist

#pacman -Syyu --needed --noconfirm vim base-devel git
pacman -Syyu --needed --noconfirm vim
EOF
+cat
chmod +x "${TMPDIR}"/setup-tasks.sh
+chmod +x /var/tmp/genbootstrap.sQgROw/setup-tasks.sh
sudo mv "${TMPDIR}"/setup-tasks.sh "${TMPDIR}"/root-bind/usr/bin/setup-tasks.sh
+sudo mv /var/tmp/genbootstrap.sQgROw/setup-tasks.sh /var/tmp/genbootstrap.sQgROw/root-bind/usr/bin/setup-tasks.sh

sudo "${TMPDIR}"/root-bind/bin/arch-chroot "${TMPDIR}"/root-bind/ setup-tasks.sh
+sudo /var/tmp/genbootstrap.sQgROw/root-bind/bin/arch-chroot /var/tmp/genbootstrap.sQgROw/root-bind/ setup-tasks.sh
bash: warning: setlocale: LC_ALL: cannot change locale (en_US.UTF-8)
set -o xtrace

pacman-key --init
+ pacman-key --init
/usr/bin/bash: warning: setlocale: LC_ALL: cannot change locale (en_US.UTF-8)
gpg: /etc/pacman.d/gnupg/trustdb.gpg: trustdb created
gpg: no ultimately trusted keys found
gpg: starting migration from earlier GnuPG versions
gpg: porting secret keys from '/etc/pacman.d/gnupg/secring.gpg' to gpg-agent
gpg: migration succeeded
gpg: Generating pacman keyring master key...
gpg: key 735447368B62636C marked as ultimately trusted
gpg: directory '/etc/pacman.d/gnupg/openpgp-revocs.d' created
gpg: revocation certificate stored as '/etc/pacman.d/gnupg/openpgp-revocs.d/E3371A685C2011A3DB118CCF735447368B62636C.rev'
gpg: Done
==> Updating trust database...
gpg: marginals needed: 3  completes needed: 1  trust model: pgp
gpg: depth: 0  valid:   1  signed:   0  trust: 0-, 0q, 0n, 0m, 0f, 1u
pacman-key --populate archlinux
+ pacman-key --populate archlinux
/usr/bin/bash: warning: setlocale: LC_ALL: cannot change locale (en_US.UTF-8)
==> Appending keys from archlinux.gpg...
==> Locally signing trusted keys in keyring...
  -> Locally signing key D8AFDDA07A5B6EDFA7D8CCDAD6D055F927843F1C...
  -> Locally signing key DDB867B92AA789C165EEFA799B729B06A680C281...
  -> Locally signing key 91FFE0700E80619CEB73235CA88E23E377514E00...
  -> Locally signing key 0E8B644079F599DFC1DDC3973348882F6AC6A4C2...
  -> Locally signing key AB19265E5D7D20687D303246BA1DFB64FFF979E7...
==> Importing owner trust values...
gpg: inserting ownertrust of 4
gpg: setting ownertrust to 4
gpg: setting ownertrust to 4
gpg: setting ownertrust to 4
gpg: setting ownertrust to 4
==> Disabling revoked keys in keyring...
  -> Disabling key 8F76BEEA0289F9E1D3E229C05F946DED983D4366...
  -> Disabling key 63F395DE2D6398BBE458F281F2DBB4931985A992...
  -> Disabling key 50F33E2E5B0C3D900424ABE89BDCF497A4BBCC7F...
  -> Disabling key 27FFC4769E19F096D41D9265A04F9397CDFD6BB0...
  -> Disabling key 39F880E50E49A4D11341E8F939E4F17F295AFBF4...
  -> Disabling key 8840BD07FC24CB7CE394A07CCF7037A4F27FB7DA...
  -> Disabling key 5559BC1A32B8F76B3FCCD9555FA5E5544F010D48...
  -> Disabling key 0B20CA1931F5DA3A70D0F8D2EA6836E1AB441196...
  -> Disabling key 07DFD3A0BC213FA12EDC217559B3122E2FA915EC...
  -> Disabling key 4FCF887689C41B09506BE8D5F3E1D5C5D30DB0AD...
  -> Disabling key 5A2257D19FF7E1E0E415968CE62F853100F0D0F0...
  -> Disabling key D921CABED130A5690EF1896E81AF739EC0711BF1...
  -> Disabling key 7FA647CD89891DEDC060287BB9113D1ED21E1A55...
  -> Disabling key BC1FBE4D2826A0B51E47ED62E2539214C6C11350...
  -> Disabling key 4A8B17E20B88ACA61860009B5CED81B7C2E5C0D2...
  -> Disabling key 5696C003B0854206450C8E5BE613C09CB4440678...
  -> Disabling key 684148BB25B49E986A4944C55184252D824B18E8...
  -> Disabling key 8CF934E339CAD8ABF342E822E711306E3C4F88BC...
  -> Disabling key F5A361A3A13554B85E57DDDAAF7EF7873CFD4BB6...
  -> Disabling key 5E7585ADFF106BFFBBA319DC654B877A0864983E...
  -> Disabling key 65EEFE022108E2B708CBFCF7F9E712E59AF5F22A...
  -> Disabling key 40440DC037C05620984379A6761FAD69BA06C6A9...
  -> Disabling key 34C5D94FE7E7913E86DC427E7FB1A3800C84C0A5...
  -> Disabling key 81D7F8241DB38BC759C80FCE3A726C6170E80477...
  -> Disabling key E7210A59715F6940CF9A4E36A001876699AD6E84...
  -> Disabling key 5357F3B111688D88C1D88119FCF2CB179205AC90...
  -> Disabling key FB871F0131FEA4FB5A9192B4C8880A6406361833...
  -> Disabling key 66BD74A036D522F51DD70A3C7F2A16726521E06D...
  -> Disabling key B1F2C889CB2CCB2ADA36D963097D629E437520BD...
  -> Disabling key 9515D8A8EAB88E49BB65EDBCE6B456CAF15447D5...
  -> Disabling key 76B4192E902C0A52642C63C273B8ED52F1D357C1...
  -> Disabling key 40776A5221EF5AD468A4906D42A1DB15EC133BAD...
  -> Disabling key D4DE5ABDE2A7287644EAC7E36D1A9E70E19DAA50...
  -> Disabling key 44D4A033AC140143927397D47EFD567D4C7EA887...
==> Updating trust database...
gpg: key 1EB2638FF56C0C53: no user ID for key signature packet of class 10
gpg: key 1EB2638FF56C0C53: no user ID for key signature packet of class 10
gpg: key 786C63F330D7CB92: no user ID for key signature packet of class 10
gpg: key 786C63F330D7CB92: no user ID for key signature packet of class 10
gpg: key 786C63F330D7CB92: no user ID for key signature packet of class 10
gpg: key 786C63F330D7CB92: no user ID for key signature packet of class 10
gpg: key 786C63F330D7CB92: no user ID for key signature packet of class 10
gpg: key 786C63F330D7CB92: no user ID for key signature packet of class 10
gpg: key 786C63F330D7CB92: no user ID for key signature packet of class 10
gpg: key 786C63F330D7CB92: no user ID for key signature packet of class 10
gpg: key 786C63F330D7CB92: no user ID for key signature packet of class 10
gpg: key 786C63F330D7CB92: no user ID for key signature packet of class 10
gpg: key 786C63F330D7CB92: no user ID for key signature packet of class 10
gpg: key 786C63F330D7CB92: no user ID for key signature packet of class 10
gpg: key 786C63F330D7CB92: no user ID for key signature packet of class 10
gpg: key 786C63F330D7CB92: no user ID for key signature packet of class 10
gpg: key 786C63F330D7CB92: no user ID for key signature packet of class 10
gpg: key 786C63F330D7CB92: no user ID for key signature packet of class 10
gpg: key 786C63F330D7CB92: no user ID for key signature packet of class 10
gpg: key 786C63F330D7CB92: no user ID for key signature packet of class 10
gpg: key 786C63F330D7CB92: no user ID for key signature packet of class 10
gpg: key 786C63F330D7CB92: no user ID for key signature packet of class 10
gpg: key 786C63F330D7CB92: no user ID for key signature packet of class 10
gpg: key 786C63F330D7CB92: no user ID for key signature packet of class 10
gpg: key 786C63F330D7CB92: no user ID for key signature packet of class 10
gpg: key 786C63F330D7CB92: no user ID for key signature packet of class 10
gpg: key 786C63F330D7CB92: no user ID for key signature packet of class 10
gpg: key 786C63F330D7CB92: no user ID for key signature packet of class 10
gpg: key 786C63F330D7CB92: no user ID for key signature packet of class 10
gpg: key 786C63F330D7CB92: no user ID for key signature packet of class 10
gpg: marginals needed: 3  completes needed: 1  trust model: pgp
gpg: depth: 0  valid:   1  signed:   5  trust: 0-, 0q, 0n, 0m, 0f, 1u
gpg: depth: 1  valid:   5  signed:  79  trust: 0-, 0q, 0n, 5m, 0f, 0u
gpg: depth: 2  valid:  73  signed:  23  trust: 73-, 0q, 0n, 0m, 0f, 0u
gpg: next trustdb check due at 2020-05-31
#cd /root

curl -L -o /etc/pacman.d/mirrorlist.backup https://www.archlinux.org/mirrorlist/all/https/
+ curl -L -o /etc/pacman.d/mirrorlist.backup https://www.archlinux.org/mirrorlist/all/https/
  % Total    % Received % Xferd  Average Speed   Time    Time     Time  Current
                                 Dload  Upload   Total   Spent    Left  Speed
  0     0    0     0    0     0      0      0 --:--:-- --:--:-- --:--:--     0  0     0    0     0    0     0      0      0 --:--:-- --:--:-- --:--:--     0100 12217  100 12217    0     0  25346      0 --:--:-- --:--:-- --:--:-- 25293
cp /etc/pacman.d/mirrorlist.backup /etc/pacman.d/mirrorlist
+ cp /etc/pacman.d/mirrorlist.backup /etc/pacman.d/mirrorlist
echo 'Server = https://mirror.rackspace.com/archlinux/$repo/os/$arch' >> /etc/pacman.d/mirrorlist
+ echo 'Server = https://mirror.rackspace.com/archlinux/$repo/os/$arch'

pacman -Syyu --needed --noconfirm sed pacman-contrib base reflector
+ pacman -Syyu --needed --noconfirm sed pacman-contrib base reflector
:: Synchronizing package databases...
downloading core.db...
downloading extra.db...
downloading community.db...
:: Starting full system upgrade...
resolving dependencies...
looking for conflicting packages...

Packages (29) coreutils-8.32-1  fakeroot-1.24-2  file-5.38-3  gettext-0.20.1-3  gnutls-3.6.13-1  grep-3.4-1  gzip-1.10-3  icu-65.1-3  iproute2-5.5.0-1  iputils-20190709-2  less-551-3  libcroco-0.6.13-1  libnetfilter_conntrack-1.0.8-1  libnsl-1.2.0-2  libxml2-2.9.10-1  licenses-20191011-2  openssl-1.1.1.f-1  pciutils-3.6.4-1  procps-ng-3.3.16-1  psmisc-23.3-2  python-3.8.2-1  systemd-245.4-1  systemd-libs-245.4-1  systemd-sysvcompat-245.4-1  tar-1.32-3  base-2-2  pacman-contrib-1.3.0-1  reflector-2020.3.21.2-1  sed-4.8-1

Total Download Size:    62.59 MiB
Total Installed Size:  206.00 MiB
Net Upgrade Size:      152.17 MiB

:: Proceed with installation? [Y/n] 
:: Retrieving packages...
downloading sed-4.8-1-x86_64.pkg.tar.zst...
downloading openssl-1.1.1.f-1-x86_64.pkg.tar.zst...
downloading coreutils-8.32-1-x86_64.pkg.tar.zst...
downloading systemd-libs-245.4-1-x86_64.pkg.tar.zst...
downloading fakeroot-1.24-2-x86_64.pkg.tar.xz...
downloading systemd-245.4-1-x86_64.pkg.tar.zst...
downloading gnutls-3.6.13-1-x86_64.pkg.tar.zst...
downloading file-5.38-3-x86_64.pkg.tar.zst...
downloading grep-3.4-1-x86_64.pkg.tar.zst...
downloading procps-ng-3.3.16-1-x86_64.pkg.tar.zst...
downloading tar-1.32-3-x86_64.pkg.tar.xz...
downloading icu-65.1-3-x86_64.pkg.tar.zst...
downloading gettext-0.20.1-3-x86_64.pkg.tar.xz...
downloading pciutils-3.6.4-1-x86_64.pkg.tar.zst...
downloading psmisc-23.3-2-x86_64.pkg.tar.xz...
downloading less-551-3-x86_64.pkg.tar.xz...
downloading gzip-1.10-3-x86_64.pkg.tar.xz...
downloading licenses-20191011-2-any.pkg.tar.xz...
downloading systemd-sysvcompat-245.4-1-x86_64.pkg.tar.zst...
downloading iputils-20190709-2-x86_64.pkg.tar.xz...
downloading iproute2-5.5.0-1-x86_64.pkg.tar.zst...
downloading base-2-2-any.pkg.tar.xz...
downloading libnsl-1.2.0-2-x86_64.pkg.tar.xz...
downloading libnetfilter_conntrack-1.0.8-1-x86_64.pkg.tar.zst...
downloading libxml2-2.9.10-1-x86_64.pkg.tar.xz...
downloading libcroco-0.6.13-1-x86_64.pkg.tar.xz...
downloading python-3.8.2-1-x86_64.pkg.tar.zst...
downloading pacman-contrib-1.3.0-1-x86_64.pkg.tar.xz...
downloading reflector-2020.3.21.2-1-any.pkg.tar.zst...
checking keyring...
checking package integrity...
loading package files...
checking for file conflicts...
checking available disk space...
:: Processing package changes...
installing sed...
upgrading openssl...
upgrading coreutils...
upgrading systemd-libs...
installing fakeroot...
/usr/bin/bash: warning: setlocale: LC_ALL: cannot change locale (en_US.UTF-8)
upgrading libnetfilter_conntrack...
upgrading systemd...
/usr/bin/bash: warning: setlocale: LC_ALL: cannot change locale (en_US.UTF-8)
Running in chroot, ignoring request: daemon-reexec
upgrading gnutls...
installing pacman-contrib...
Optional dependencies for pacman-contrib
    findutils: pacdiff [installed]
    mlocate: pacdiff
    sudo: privilege elevation for several scripts
installing file...
installing grep...
installing procps-ng...
installing tar...
installing icu...
installing libxml2...
installing libcroco...
installing gettext...
Optional dependencies for gettext
    git: for autopoint infrastructure updates
installing pciutils...
installing psmisc...
installing less...
installing gzip...
installing licenses...
installing systemd-sysvcompat...
installing iputils...
/usr/bin/bash: warning: setlocale: LC_ALL: cannot change locale (en_US.UTF-8)
Optional dependencies for iputils
    xinetd: for tftpd
installing iproute2...
Optional dependencies for iproute2
    linux-atm: ATM support
installing base...
Optional dependencies for base
    linux: bare metal support
installing libnsl...
installing python...
Optional dependencies for python
    python-setuptools
    python-pip
    sqlite [installed]
    mpdecimal: for decimal
    xz: for lzma [installed]
    tk: for tkinter
installing reflector...
Optional dependencies for reflector
    rsync: rate rsync mirrors
:: Running post-transaction hooks...
(1/9) Creating system user accounts...
/bin/sh: warning: setlocale: LC_ALL: cannot change locale (en_US.UTF-8)
(2/9) Updating journal message catalog...
/bin/sh: warning: setlocale: LC_ALL: cannot change locale (en_US.UTF-8)
(3/9) Reloading system manager configuration...
/bin/sh: warning: setlocale: LC_ALL: cannot change locale (en_US.UTF-8)
Running in chroot, ignoring request: daemon-reload
(4/9) Updating udev hardware database...
/bin/sh: warning: setlocale: LC_ALL: cannot change locale (en_US.UTF-8)
(5/9) Applying kernel sysctl settings...
/bin/sh: warning: setlocale: LC_ALL: cannot change locale (en_US.UTF-8)
(6/9) Creating temporary files...
/bin/sh: warning: setlocale: LC_ALL: cannot change locale (en_US.UTF-8)
(7/9) Reloading device manager configuration...
/bin/sh: warning: setlocale: LC_ALL: cannot change locale (en_US.UTF-8)
Running in chroot, ignoring request.
(8/9) Arming ConditionNeedsUpdate...
/bin/sh: warning: setlocale: LC_ALL: cannot change locale (en_US.UTF-8)
(9/9) Reloading system bus configuration...
/bin/sh: warning: setlocale: LC_ALL: cannot change locale (en_US.UTF-8)
Running in chroot, ignoring request: try-reload-or-restart

LOCALE=en_US.UTF-8
+ LOCALE=en_US.UTF-8
CHARSET=UTF-8
+ CHARSET=UTF-8
sed -i "s,^#${LOCALE} ${CHARSET},${LOCALE} ${CHARSET},g" /etc/locale.gen
+ sed -i 's,^#en_US.UTF-8 UTF-8,en_US.UTF-8 UTF-8,g' /etc/locale.gen
localectl set-locale LANG=${LOCALE}
+ localectl set-locale LANG=en_US.UTF-8
locale-gen
+ locale-gen
/bin/sh: warning: setlocale: LC_ALL: cannot change locale (en_US.UTF-8)
Generating locales...
  en_US.UTF-8... done
Generation complete.

# fixup mirrors
echo -e '#!/usr/bin/env bash\necho "Optimizing mirrorlist (this may take a few minutes)..."\nreflector --verbose --latest 200 --protocol http --protocol https --sort rate --save /etc/pacman.d/mirrorlist' > /usr/bin/reflect-mirrors
+ echo -e '#!/usr/bin/env bash\necho "Optimizing mirrorlist (this may take a few minutes)..."\nreflector --verbose --latest 200 --protocol http --protocol https --sort rate --save /etc/pacman.d/mirrorlist'
chmod +x /usr/bin/reflect-mirrors
+ chmod +x /usr/bin/reflect-mirrors
reflect-mirrors
+ reflect-mirrors
Optimizing mirrorlist (this may take a few minutes)...
[2020-04-02 16:54:50] INFO: rating https://archlinux.mailtunnel.eu/
[2020-04-02 16:54:50] INFO: rating http://mirror.pseudoform.org/
[2020-04-02 16:54:50] INFO: rating https://mirror.pseudoform.org/
[2020-04-02 16:54:50] INFO: rating https://ger.mirror.pkgbuild.com/
[2020-04-02 16:54:50] INFO: rating http://archlinux.uk.mirror.allworldit.com/archlinux/
[2020-04-02 16:54:50] INFO: rating http://archlinux.za.mirror.allworldit.com/archlinux/
[2020-04-02 16:54:50] INFO: rating https://archlinux.uk.mirror.allworldit.com/archlinux/
[2020-04-02 16:54:50] INFO: rating https://archlinux.za.mirror.allworldit.com/archlinux/
[2020-04-02 16:54:50] INFO: rating http://mirror.chaoticum.net/arch/
[2020-04-02 16:54:50] INFO: rating https://mirror.chaoticum.net/arch/
[2020-04-02 16:54:50] INFO: rating https://ftp.halifax.rwth-aachen.de/archlinux/
[2020-04-02 16:54:50] INFO: rating http://mirrors.neusoft.edu.cn/archlinux/
[2020-04-02 16:54:50] INFO: rating https://mirrors.neusoft.edu.cn/archlinux/
[2020-04-02 16:54:50] INFO: rating https://arch.mirror.constant.com/
[2020-04-02 16:54:50] INFO: rating https://mirrors.atviras.lt/archlinux/
[2020-04-02 16:54:50] INFO: rating https://ind.mirror.pkgbuild.com/
[2020-04-02 16:54:50] INFO: rating https://jpn.mirror.pkgbuild.com/
[2020-04-02 16:54:50] INFO: rating http://archlinux.mailtunnel.eu/
[2020-04-02 16:54:50] INFO: rating http://mirror.f4st.host/archlinux/
[2020-04-02 16:54:50] INFO: rating https://mirror.f4st.host/archlinux/
[2020-04-02 16:54:50] INFO: rating http://ftp.sh.cvut.cz/arch/
[2020-04-02 16:54:50] INFO: rating https://ftp.sh.cvut.cz/arch/
[2020-04-02 16:54:50] INFO: rating http://mirrors.uni-plovdiv.net/archlinux/
[2020-04-02 16:54:50] INFO: rating https://mirrors.uni-plovdiv.net/archlinux/
[2020-04-02 16:54:50] INFO: rating http://arch.mirror.constant.com/
[2020-04-02 16:54:50] INFO: rating http://arlm.tyzoid.com/
[2020-04-02 16:54:50] INFO: rating https://arlm.tyzoid.com/
[2020-04-02 16:54:50] INFO: rating https://archlinux.beccacervello.it/archlinux/
[2020-04-02 16:54:50] INFO: rating http://mirror.dkm.cz/archlinux/
[2020-04-02 16:54:50] INFO: rating https://mirror.dkm.cz/archlinux/
[2020-04-02 16:54:50] INFO: rating http://archlinux.dynamict.se/
[2020-04-02 16:54:50] INFO: rating https://archlinux.dynamict.se/
[2020-04-02 16:54:50] INFO: rating http://mirror.cyberbits.eu/archlinux/
[2020-04-02 16:54:50] INFO: rating https://mirror.cyberbits.eu/archlinux/
[2020-04-02 16:54:50] INFO: rating http://arch.mirror.far.fi/
[2020-04-02 16:54:50] INFO: rating http://mirrors.niyawe.de/archlinux/
[2020-04-02 16:54:50] INFO: rating https://mirrors.niyawe.de/archlinux/
[2020-04-02 16:54:50] INFO: rating http://archlinux.thaller.ws/
[2020-04-02 16:54:50] INFO: rating https://archlinux.thaller.ws/
[2020-04-02 16:54:50] INFO: rating http://packages.oth-regensburg.de/archlinux/
[2020-04-02 16:54:50] INFO: rating https://packages.oth-regensburg.de/archlinux/
[2020-04-02 16:54:50] INFO: rating http://repo.ialab.dsu.edu/archlinux/
[2020-04-02 16:54:50] INFO: rating https://repo.ialab.dsu.edu/archlinux/
[2020-04-02 16:54:50] INFO: rating http://archlinux.mirror.liquidtelecom.com/
[2020-04-02 16:54:50] INFO: rating https://archlinux.mivzakim.net/
[2020-04-02 16:54:50] INFO: rating http://mirror.neuf.no/archlinux/
[2020-04-02 16:54:50] INFO: rating https://mirror.neuf.no/archlinux/
[2020-04-02 16:54:50] INFO: rating http://mirror.orbit-os.com/archlinux/
[2020-04-02 16:54:50] INFO: rating https://mirror.orbit-os.com/archlinux/
[2020-04-02 16:54:50] INFO: rating http://mirrors.cqu.edu.cn/archlinux/
[2020-04-02 16:54:50] INFO: rating https://mirrors.cqu.edu.cn/archlinux/
[2020-04-02 16:54:50] INFO: rating https://mirror.bethselamin.de/
[2020-04-02 16:54:50] INFO: rating http://mirror.wtnet.de/arch/
[2020-04-02 16:54:50] INFO: rating https://mirror.wtnet.de/arch/
[2020-04-02 16:54:50] INFO: rating http://archlinux.honkgong.info/
[2020-04-02 16:54:50] INFO: rating http://ftp.fau.de/archlinux/
[2020-04-02 16:54:50] INFO: rating https://ftp.fau.de/archlinux/
[2020-04-02 16:54:50] INFO: rating http://mirrors.nic.cz/archlinux/
[2020-04-02 16:54:50] INFO: rating http://mirrors.lug.mtu.edu/archlinux/
[2020-04-02 16:54:50] INFO: rating https://mirrors.lug.mtu.edu/archlinux/
[2020-04-02 16:54:50] INFO: rating http://ftp.nluug.nl/os/Linux/distr/archlinux/
[2020-04-02 16:54:50] INFO: rating http://mirror.23media.com/archlinux/
[2020-04-02 16:54:50] INFO: rating https://mirror.23media.com/archlinux/
[2020-04-02 16:54:50] INFO: rating http://mirror.ubrco.de/archlinux/
[2020-04-02 16:54:50] INFO: rating https://mirror.ubrco.de/archlinux/
[2020-04-02 16:54:50] INFO: rating http://mirrors.celianvdb.fr/archlinux/
[2020-04-02 16:54:50] INFO: rating https://mirrors.celianvdb.fr/archlinux/
[2020-04-02 16:54:50] INFO: rating http://ftp.tku.edu.tw/Linux/ArchLinux/
[2020-04-02 16:54:50] INFO: rating http://mirror.es.its.nyu.edu/archlinux/
[2020-04-02 16:54:50] INFO: rating http://mirror.ufscar.br/archlinux/
[2020-04-02 16:54:50] INFO: rating http://mirrors.dotsrc.org/archlinux/
[2020-04-02 16:54:50] INFO: rating https://mirrors.dotsrc.org/archlinux/
[2020-04-02 16:54:50] INFO: rating http://nova.quantum-mirror.hu/mirrors/pub/archlinux/
[2020-04-02 16:54:50] INFO: rating http://quantum-mirror.hu/mirrors/pub/archlinux/
[2020-04-02 16:54:50] INFO: rating https://nova.quantum-mirror.hu/mirrors/pub/archlinux/
[2020-04-02 16:54:50] INFO: rating https://quantum-mirror.hu/mirrors/pub/archlinux/
[2020-04-02 16:54:50] INFO: rating https://super.quantum-mirror.hu/mirrors/pub/archlinux/
[2020-04-02 16:54:50] INFO: rating http://super.quantum-mirror.hu/mirrors/pub/archlinux/
[2020-04-02 16:54:50] INFO: rating http://ftp.rnl.tecnico.ulisboa.pt/pub/archlinux/
[2020-04-02 16:54:50] INFO: rating https://ftp.rnl.tecnico.ulisboa.pt/pub/archlinux/
[2020-04-02 16:54:50] INFO: rating http://mirror.csclub.uwaterloo.ca/archlinux/
[2020-04-02 16:54:50] INFO: rating https://mirror.csclub.uwaterloo.ca/archlinux/
[2020-04-02 16:54:50] INFO: rating http://archlinux.mirror.colo-serv.net/
[2020-04-02 16:54:50] INFO: rating http://archlinux.mirror.pcextreme.nl/
[2020-04-02 16:54:50] INFO: rating https://archlinux.mirror.pcextreme.nl/
[2020-04-02 16:54:50] INFO: rating https://dist-mirror.fem.tu-ilmenau.de/archlinux/
[2020-04-02 16:54:50] INFO: rating https://ftp.acc.umu.se/mirror/archlinux/
[2020-04-02 16:54:50] INFO: rating https://download.nus.edu.sg/mirror/archlinux/
[2020-04-02 16:54:50] INFO: rating http://archlinux.ip-connect.vn.ua/
[2020-04-02 16:54:50] INFO: rating https://archlinux.ip-connect.vn.ua/
[2020-04-02 16:54:50] INFO: rating http://mirror.oldsql.cc/archlinux/
[2020-04-02 16:54:50] INFO: rating https://mirror.oldsql.cc/archlinux/
[2020-04-02 16:54:50] INFO: rating https://www.mirrorservice.org/sites/ftp.archlinux.org/
[2020-04-02 16:54:50] INFO: rating http://www.mirrorservice.org/sites/ftp.archlinux.org/
[2020-04-02 16:54:50] INFO: rating https://mirror.thekinrar.fr/archlinux/
[2020-04-02 16:54:50] INFO: rating http://mirror.yandex.ru/archlinux/
[2020-04-02 16:54:50] INFO: rating https://mirror.yandex.ru/archlinux/
[2020-04-02 16:54:50] INFO: rating https://mirror.srv.fail/archlinux/
[2020-04-02 16:54:50] INFO: rating http://mirror.puzzle.ch/archlinux/
[2020-04-02 16:54:50] INFO: rating https://mirror.puzzle.ch/archlinux/
[2020-04-02 16:54:50] INFO: rating http://mirror.vpsfree.cz/archlinux/
[2020-04-02 16:54:50] INFO: rating http://hkg.mirror.rackspace.com/archlinux/
[2020-04-02 16:54:50] INFO: rating http://iad.mirror.rackspace.com/archlinux/
[2020-04-02 16:54:50] INFO: rating http://lon.mirror.rackspace.com/archlinux/
[2020-04-02 16:54:50] INFO: rating http://mirror.rackspace.com/archlinux/
[2020-04-02 16:54:50] INFO: rating http://ord.mirror.rackspace.com/archlinux/
[2020-04-02 16:54:50] INFO: rating https://iad.mirror.rackspace.com/archlinux/
[2020-04-02 16:54:50] INFO: rating https://lon.mirror.rackspace.com/archlinux/
[2020-04-02 16:54:50] INFO: rating https://mirror.rackspace.com/archlinux/
[2020-04-02 16:54:50] INFO: rating https://ord.mirror.rackspace.com/archlinux/
[2020-04-02 16:54:50] INFO: rating http://pkg.adfinis-sygroup.ch/archlinux/
[2020-04-02 16:54:50] INFO: rating https://pkg.adfinis-sygroup.ch/archlinux/
[2020-04-02 16:54:50] INFO: rating http://archlinux.polymorf.fr/
[2020-04-02 16:54:50] INFO: rating http://arch.nimukaito.net/
[2020-04-02 16:54:50] INFO: rating https://arch.nimukaito.net/
[2020-04-02 16:54:50] INFO: rating http://arch.yourlabs.org/
[2020-04-02 16:54:50] INFO: rating https://arch.yourlabs.org/
[2020-04-02 16:54:50] INFO: rating https://arch-mirror.cloud.louifox.house/
[2020-04-02 16:54:50] INFO: rating https://mirrors.eric.ovh/arch/
[2020-04-02 16:54:50] INFO: rating http://mirror.mikrogravitation.org/archlinux/
[2020-04-02 16:54:50] INFO: rating https://mirror.mikrogravitation.org/archlinux/
[2020-04-02 16:54:50] INFO: rating http://arch.midov.pl/arch/
[2020-04-02 16:54:50] INFO: rating http://archimonde.ts.si/archlinux/
[2020-04-02 16:54:50] INFO: rating https://archimonde.ts.si/archlinux/
[2020-04-02 16:54:50] INFO: rating http://archlinux.mirror.wearetriple.com/
[2020-04-02 16:54:50] INFO: rating https://archlinux.mirror.wearetriple.com/
[2020-04-02 16:54:50] INFO: rating http://mirror.reisenbauer.ee/archlinux/
[2020-04-02 16:54:50] INFO: rating https://mirror.reisenbauer.ee/archlinux/
[2020-04-02 16:54:50] INFO: rating http://mirrors.udenar.edu.co/archlinux/
[2020-04-02 16:54:50] INFO: rating https://arch.unixpeople.org/
[2020-04-02 16:54:50] INFO: rating http://mirror2.evolution-host.com/archlinux/
[2020-04-02 16:54:50] INFO: rating https://mirror2.evolution-host.com/archlinux/
[2020-04-02 16:54:50] INFO: rating http://mirrors.n-ix.net/archlinux/
[2020-04-02 16:54:50] INFO: rating https://mirrors.n-ix.net/archlinux/
[2020-04-02 16:54:50] INFO: rating https://arch.rrig.gs/
[2020-04-02 16:54:50] INFO: rating http://mirrors.aggregate.org/archlinux/
[2020-04-02 16:54:50] INFO: rating http://mirrors.sonic.net/archlinux/
[2020-04-02 16:54:50] INFO: rating https://mirrors.sonic.net/archlinux/
[2020-04-02 16:54:50] INFO: rating http://mirror.siena.edu/archlinux/
[2020-04-02 16:54:50] INFO: rating http://mirror.datacenter.by/pub/archlinux/
[2020-04-02 16:54:50] INFO: rating http://ftp.byfly.by/pub/archlinux/
[2020-04-02 16:54:50] INFO: rating http://ftp.lysator.liu.se/pub/archlinux/
[2020-04-02 16:54:50] INFO: rating https://ftp.lysator.liu.se/pub/archlinux/
[2020-04-02 16:54:50] INFO: rating http://mirror.ams1.nl.leaseweb.net/archlinux/
[2020-04-02 16:54:50] INFO: rating http://mirror.dal10.us.leaseweb.net/archlinux/
[2020-04-02 16:54:50] INFO: rating http://mirror.fra10.de.leaseweb.net/archlinux/
[2020-04-02 16:54:50] INFO: rating http://mirror.mia11.us.leaseweb.net/archlinux/
[2020-04-02 16:54:50] INFO: rating http://mirror.wdc1.us.leaseweb.net/archlinux/
[2020-04-02 16:54:50] INFO: rating https://mirror.ams1.nl.leaseweb.net/archlinux/
[2020-04-02 16:54:50] INFO: rating https://mirror.dal10.us.leaseweb.net/archlinux/
[2020-04-02 16:54:50] INFO: rating https://mirror.fra10.de.leaseweb.net/archlinux/
[2020-04-02 16:54:50] INFO: rating https://mirror.mia11.us.leaseweb.net/archlinux/
[2020-04-02 16:54:50] INFO: rating https://mirror.wdc1.us.leaseweb.net/archlinux/
[2020-04-02 16:54:50] INFO: rating http://archlinux.surlyjake.com/archlinux/
[2020-04-02 16:54:50] INFO: rating http://mirror.united-gameserver.de/archlinux/
[2020-04-02 16:54:50] INFO: rating http://ftp.vectranet.pl/archlinux/
[2020-04-02 16:54:50] INFO: rating http://mirror.system.is/arch/
[2020-04-02 16:54:50] INFO: rating https://mirror.system.is/arch/
[2020-04-02 16:54:50] INFO: rating https://mirror.gnomus.de/
[2020-04-02 16:54:50] INFO: rating http://archlinux.iskon.hr/
[2020-04-02 16:54:50] INFO: rating http://mirror.cedia.org.ec/archlinux/
[2020-04-02 16:54:50] INFO: rating http://mirror.cs.pitt.edu/archlinux/
[2020-04-02 16:54:50] INFO: rating http://mirror.neostrada.nl/archlinux/
[2020-04-02 16:54:50] INFO: rating https://mirror.neostrada.nl/archlinux/
[2020-04-02 16:54:50] INFO: rating http://archmirror.hbit.sztaki.hu/archlinux/
[2020-04-02 16:54:50] INFO: rating http://mirror-archlinux.webruimtehosting.nl/
[2020-04-02 16:54:50] INFO: rating https://mirror-archlinux.webruimtehosting.nl/
[2020-04-02 16:54:50] INFO: rating http://mirror.scd31.com/arch/
[2020-04-02 16:54:50] INFO: rating https://mirror.scd31.com/arch/
[2020-04-02 16:54:50] INFO: rating http://gluttony.sin.cvut.cz/arch/
[2020-04-02 16:54:50] INFO: rating https://gluttony.sin.cvut.cz/arch/
[2020-04-02 16:54:50] INFO: rating http://mirror.efect.ro/archlinux/
[2020-04-02 16:54:50] INFO: rating https://mirror.efect.ro/archlinux/
[2020-04-02 16:54:50] INFO: rating http://mirror.one.com/archlinux/
[2020-04-02 16:54:50] INFO: rating https://mirror.one.com/archlinux/
[2020-04-02 16:54:50] INFO: rating http://mirror.kaminski.io/archlinux/
[2020-04-02 16:54:50] INFO: rating https://mirror.kaminski.io/archlinux/
[2020-04-02 16:54:50] INFO: rating http://mirror.archlinux.cl/
[2020-04-02 16:54:50] INFO: rating http://mirror.math.princeton.edu/pub/archlinux/
[2020-04-02 16:54:50] INFO: rating http://archlinux.rezopole.net/
[2020-04-02 16:54:50] INFO: rating http://mirror.undisclose.de/archlinux/
[2020-04-02 16:54:50] INFO: rating https://mirror.undisclose.de/archlinux/
[2020-04-02 16:54:50] INFO: rating http://ftp.snt.utwente.nl/pub/os/linux/archlinux/
[2020-04-02 16:54:50] INFO: rating http://mirror.veriteknik.net.tr/archlinux/
[2020-04-02 16:54:50] INFO: rating http://shadow.ind.ntou.edu.tw/archlinux/
[2020-04-02 16:54:50] INFO: rating https://shadow.ind.ntou.edu.tw/archlinux/
[2020-04-02 16:54:50] INFO: rating http://arch.petarmaric.com/
[2020-04-02 16:54:50] INFO: rating http://glua.ua.pt/pub/archlinux/
[2020-04-02 16:54:50] INFO: rating https://glua.ua.pt/pub/archlinux/
[2020-04-02 16:54:50] INFO: rating https://mirror.cloroformo.org/archlinux/
[2020-04-02 16:54:50] INFO: rating http://ftpmirror.infania.net/mirror/archlinux/
[2020-04-02 16:54:50] INFO: rating http://archlinux.mirror.root.lu/
[2020-04-02 16:54:50] INFO: rating http://mirror.is.co.za/mirror/archlinux.org/
[2020-04-02 16:54:50] INFO: rating http://mirror.netcologne.de/archlinux/
[2020-04-02 16:54:50] INFO: rating https://mirror.netcologne.de/archlinux/
[2020-04-02 16:54:50] INFO: rating http://mir.archlinux.fr/
[2020-04-02 16:54:50] INFO: rating http://ftp.hosteurope.de/mirror/ftp.archlinux.org/
[2020-04-02 16:54:50] INFO: rating http://ftp.energia.mta.hu/pub/mirrors/ftp.archlinux.org/
[2020-04-02 16:54:50] INFO: rating http://ftp.heanet.ie/mirrors/ftp.archlinux.org/
[2020-04-02 16:54:50] INFO: rating http://ftp.gwdg.de/pub/linux/archlinux/
[2020-04-02 16:55:22] INFO: Server                                                              Rate       Time
[2020-04-02 16:55:22] INFO: http://archlinux.uk.mirror.allworldit.com/archlinux/        423.67 KiB/s     0.32 s
[2020-04-02 16:55:22] INFO: https://archlinux.mailtunnel.eu/                            627.88 KiB/s     0.22 s
[2020-04-02 16:55:22] INFO: https://ger.mirror.pkgbuild.com/                            530.32 KiB/s     0.26 s
[2020-04-02 16:55:22] INFO: https://mirror.pseudoform.org/                              509.85 KiB/s     0.27 s
[2020-04-02 16:55:22] INFO: http://mirror.pseudoform.org/                               504.63 KiB/s     0.27 s
[2020-04-02 16:55:22] INFO: https://archlinux.uk.mirror.allworldit.com/archlinux/       631.51 KiB/s     0.22 s
[2020-04-02 16:55:22] INFO: http://mirror.chaoticum.net/arch/                           412.06 KiB/s     0.33 s
[2020-04-02 16:55:22] INFO: https://mirror.chaoticum.net/arch/                          598.88 KiB/s     0.23 s
[2020-04-02 16:55:22] INFO: https://ftp.halifax.rwth-aachen.de/archlinux/               623.78 KiB/s     0.22 s
[2020-04-02 16:55:22] INFO: http://archlinux.za.mirror.allworldit.com/archlinux/        158.00 KiB/s     0.86 s
[2020-04-02 16:55:22] INFO: https://arch.mirror.constant.com/                          1765.05 KiB/s     0.08 s
[2020-04-02 16:55:22] INFO: https://archlinux.za.mirror.allworldit.com/archlinux/       237.17 KiB/s     0.58 s
[2020-04-02 16:55:22] INFO: http://mirrors.neusoft.edu.cn/archlinux/                    174.60 KiB/s     0.78 s
[2020-04-02 16:55:22] INFO: https://mirrors.neusoft.edu.cn/archlinux/                   215.61 KiB/s     0.63 s
[2020-04-02 16:55:22] INFO: https://mirrors.atviras.lt/archlinux/                       352.60 KiB/s     0.39 s
[2020-04-02 16:55:22] INFO: http://archlinux.mailtunnel.eu/                             428.83 KiB/s     0.32 s
[2020-04-02 16:55:22] INFO: https://jpn.mirror.pkgbuild.com/                            496.84 KiB/s     0.27 s
[2020-04-02 16:55:22] INFO: https://ind.mirror.pkgbuild.com/                            314.55 KiB/s     0.43 s
[2020-04-02 16:55:22] INFO: http://mirror.f4st.host/archlinux/                          404.01 KiB/s     0.34 s
[2020-04-02 16:55:22] INFO: https://mirror.f4st.host/archlinux/                         614.83 KiB/s     0.22 s
[2020-04-02 16:55:22] INFO: http://arch.mirror.constant.com/                           1402.01 KiB/s     0.10 s
[2020-04-02 16:55:22] INFO: http://arlm.tyzoid.com/                                    1378.00 KiB/s     0.10 s
[2020-04-02 16:55:22] INFO: http://ftp.sh.cvut.cz/arch/                                 401.03 KiB/s     0.34 s
[2020-04-02 16:55:22] INFO: https://arlm.tyzoid.com/                                   1386.95 KiB/s     0.10 s
[2020-04-02 16:55:22] INFO: http://mirrors.uni-plovdiv.net/archlinux/                   312.48 KiB/s     0.44 s
[2020-04-02 16:55:22] INFO: https://ftp.sh.cvut.cz/arch/                                599.45 KiB/s     0.23 s
[2020-04-02 16:55:22] INFO: https://mirrors.uni-plovdiv.net/archlinux/                  470.69 KiB/s     0.29 s
[2020-04-02 16:55:22] INFO: https://archlinux.beccacervello.it/archlinux/               445.98 KiB/s     0.31 s
[2020-04-02 16:55:22] INFO: http://mirror.dkm.cz/archlinux/                             365.44 KiB/s     0.37 s
[2020-04-02 16:55:22] INFO: http://archlinux.dynamict.se/                               356.98 KiB/s     0.38 s
[2020-04-02 16:55:22] INFO: https://mirror.dkm.cz/archlinux/                            549.18 KiB/s     0.25 s
[2020-04-02 16:55:22] INFO: https://archlinux.dynamict.se/                              524.02 KiB/s     0.26 s
[2020-04-02 16:55:22] INFO: http://mirror.cyberbits.eu/archlinux/                       446.13 KiB/s     0.31 s
[2020-04-02 16:55:22] INFO: https://mirror.cyberbits.eu/archlinux/                      662.22 KiB/s     0.21 s
[2020-04-02 16:55:22] INFO: http://mirrors.niyawe.de/archlinux/                         346.48 KiB/s     0.39 s
[2020-04-02 16:55:22] INFO: https://mirrors.niyawe.de/archlinux/                        381.61 KiB/s     0.36 s
[2020-04-02 16:55:22] INFO: http://arch.mirror.far.fi/                                  129.27 KiB/s     1.06 s
[2020-04-02 16:55:22] INFO: http://repo.ialab.dsu.edu/archlinux/                       1173.11 KiB/s     0.12 s
[2020-04-02 16:55:22] INFO: http://packages.oth-regensburg.de/archlinux/                380.78 KiB/s     0.36 s
[2020-04-02 16:55:22] INFO: https://repo.ialab.dsu.edu/archlinux/                      1364.17 KiB/s     0.10 s
[2020-04-02 16:55:22] INFO: http://archlinux.thaller.ws/                                311.48 KiB/s     0.44 s
[2020-04-02 16:55:22] INFO: https://packages.oth-regensburg.de/archlinux/               574.03 KiB/s     0.24 s
[2020-04-02 16:55:22] INFO: https://archlinux.thaller.ws/                               299.59 KiB/s     0.46 s
[2020-04-02 16:55:22] INFO: http://mirror.orbit-os.com/archlinux/                       408.49 KiB/s     0.33 s
[2020-04-02 16:55:22] INFO: http://mirror.neuf.no/archlinux/                            355.62 KiB/s     0.38 s
[2020-04-02 16:55:22] INFO: https://archlinux.mivzakim.net/                             421.85 KiB/s     0.32 s
[2020-04-02 16:55:22] INFO: http://archlinux.mirror.liquidtelecom.com/                  184.73 KiB/s     0.74 s
[2020-04-02 16:55:22] INFO: https://mirror.neuf.no/archlinux/                           537.84 KiB/s     0.25 s
[2020-04-02 16:55:22] INFO: https://mirror.orbit-os.com/archlinux/                      608.50 KiB/s     0.22 s
[2020-04-02 16:55:22] INFO: http://mirror.wtnet.de/arch/                                393.52 KiB/s     0.35 s
[2020-04-02 16:55:22] INFO: https://mirror.bethselamin.de/                              600.87 KiB/s     0.23 s
[2020-04-02 16:55:22] INFO: https://mirror.wtnet.de/arch/                               629.38 KiB/s     0.22 s
[2020-04-02 16:55:22] INFO: http://mirrors.cqu.edu.cn/archlinux/                        213.69 KiB/s     0.64 s
[2020-04-02 16:55:22] INFO: http://archlinux.honkgong.info/                             404.95 KiB/s     0.34 s
[2020-04-02 16:55:22] INFO: http://mirrors.lug.mtu.edu/archlinux/                      1803.19 KiB/s     0.08 s
[2020-04-02 16:55:22] INFO: http://ftp.fau.de/archlinux/                                403.20 KiB/s     0.34 s
[2020-04-02 16:55:22] INFO: https://mirrors.lug.mtu.edu/archlinux/                     2095.54 KiB/s     0.07 s
[2020-04-02 16:55:22] INFO: https://mirrors.cqu.edu.cn/archlinux/                       314.67 KiB/s     0.43 s
[2020-04-02 16:55:22] INFO: http://mirrors.nic.cz/archlinux/                            402.72 KiB/s     0.34 s
[2020-04-02 16:55:22] INFO: https://ftp.fau.de/archlinux/                               411.58 KiB/s     0.33 s
[2020-04-02 16:55:22] INFO: http://mirror.23media.com/archlinux/                        432.84 KiB/s     0.32 s
[2020-04-02 16:55:22] INFO: http://ftp.nluug.nl/os/Linux/distr/archlinux/               228.66 KiB/s     0.60 s
[2020-04-02 16:55:22] INFO: http://mirror.ubrco.de/archlinux/                           419.63 KiB/s     0.33 s
[2020-04-02 16:55:22] INFO: https://mirror.23media.com/archlinux/                       625.42 KiB/s     0.22 s
[2020-04-02 16:55:22] INFO: https://mirror.ubrco.de/archlinux/                          628.54 KiB/s     0.22 s
[2020-04-02 16:55:22] INFO: http://mirror.es.its.nyu.edu/archlinux/                     518.65 KiB/s     0.26 s
[2020-04-02 16:55:22] INFO: http://mirrors.celianvdb.fr/archlinux/                      418.31 KiB/s     0.33 s
[2020-04-02 16:55:22] INFO: https://mirrors.celianvdb.fr/archlinux/                     400.24 KiB/s     0.34 s
[2020-04-02 16:55:22] INFO: http://mirror.ufscar.br/archlinux/                          311.48 KiB/s     0.44 s
[2020-04-02 16:55:22] INFO: http://ftp.tku.edu.tw/Linux/ArchLinux/                      273.83 KiB/s     0.50 s
[2020-04-02 16:55:22] INFO: http://mirrors.dotsrc.org/archlinux/                        309.91 KiB/s     0.44 s
[2020-04-02 16:55:22] INFO: https://mirrors.dotsrc.org/archlinux/                       474.18 KiB/s     0.29 s
[2020-04-02 16:55:22] INFO: http://nova.quantum-mirror.hu/mirrors/pub/archlinux/        362.76 KiB/s     0.38 s
[2020-04-02 16:55:22] INFO: http://quantum-mirror.hu/mirrors/pub/archlinux/             365.20 KiB/s     0.37 s
[2020-04-02 16:55:22] INFO: https://nova.quantum-mirror.hu/mirrors/pub/archlinux/       535.89 KiB/s     0.25 s
[2020-04-02 16:55:22] INFO: https://quantum-mirror.hu/mirrors/pub/archlinux/            544.16 KiB/s     0.25 s
[2020-04-02 16:55:22] INFO: http://mirror.csclub.uwaterloo.ca/archlinux/               1808.47 KiB/s     0.08 s
[2020-04-02 16:55:22] INFO: http://super.quantum-mirror.hu/mirrors/pub/archlinux/       364.88 KiB/s     0.37 s
[2020-04-02 16:55:22] INFO: http://archlinux.mirror.colo-serv.net/                        0.00 KiB/s     0.00 s
[2020-04-02 16:55:22] INFO: https://super.quantum-mirror.hu/mirrors/pub/archlinux/      542.31 KiB/s     0.25 s
[2020-04-02 16:55:22] INFO: https://mirror.csclub.uwaterloo.ca/archlinux/              1719.24 KiB/s     0.08 s
[2020-04-02 16:55:22] INFO: http://ftp.rnl.tecnico.ulisboa.pt/pub/archlinux/            361.22 KiB/s     0.38 s
[2020-04-02 16:55:22] INFO: https://ftp.rnl.tecnico.ulisboa.pt/pub/archlinux/           535.91 KiB/s     0.25 s
[2020-04-02 16:55:22] INFO: http://archlinux.mirror.pcextreme.nl/                       453.27 KiB/s     0.30 s
[2020-04-02 16:55:22] INFO: https://archlinux.mirror.pcextreme.nl/                      685.98 KiB/s     0.20 s
[2020-04-02 16:55:22] INFO: https://ftp.acc.umu.se/mirror/archlinux/                    322.51 KiB/s     0.42 s
[2020-04-02 16:55:22] INFO: https://dist-mirror.fem.tu-ilmenau.de/archlinux/            612.03 KiB/s     0.22 s
[2020-04-02 16:55:22] INFO: http://mirror.oldsql.cc/archlinux/                          427.96 KiB/s     0.32 s
[2020-04-02 16:55:22] INFO: http://archlinux.ip-connect.vn.ua/                          331.23 KiB/s     0.41 s
[2020-04-02 16:55:22] INFO: https://mirror.oldsql.cc/archlinux/                         628.80 KiB/s     0.22 s
[2020-04-02 16:55:22] INFO: https://download.nus.edu.sg/mirror/archlinux/               239.12 KiB/s     0.57 s
[2020-04-02 16:55:22] INFO: https://archlinux.ip-connect.vn.ua/                         498.42 KiB/s     0.27 s
[2020-04-02 16:55:22] INFO: https://www.mirrorservice.org/sites/ftp.archlinux.org/      471.62 KiB/s     0.29 s
[2020-04-02 16:55:22] INFO: http://www.mirrorservice.org/sites/ftp.archlinux.org/       446.32 KiB/s     0.31 s
[2020-04-02 16:55:22] INFO: http://mirror.yandex.ru/archlinux/                          306.93 KiB/s     0.44 s
[2020-04-02 16:55:22] INFO: https://mirror.thekinrar.fr/archlinux/                      662.70 KiB/s     0.21 s
[2020-04-02 16:55:22] INFO: http://mirror.puzzle.ch/archlinux/                          393.98 KiB/s     0.35 s
[2020-04-02 16:55:22] INFO: https://mirror.srv.fail/archlinux/                          339.69 KiB/s     0.40 s
[2020-04-02 16:55:22] INFO: https://mirror.yandex.ru/archlinux/                         468.00 KiB/s     0.29 s
[2020-04-02 16:55:22] INFO: http://iad.mirror.rackspace.com/archlinux/                  885.79 KiB/s     0.15 s
[2020-04-02 16:55:22] INFO: http://mirror.rackspace.com/archlinux/                     2281.24 KiB/s     0.06 s
[2020-04-02 16:55:22] INFO: http://ord.mirror.rackspace.com/archlinux/                 1943.02 KiB/s     0.07 s
[2020-04-02 16:55:22] INFO: https://mirror.puzzle.ch/archlinux/                         391.62 KiB/s     0.35 s
[2020-04-02 16:55:22] INFO: http://lon.mirror.rackspace.com/archlinux/                  268.36 KiB/s     0.51 s
[2020-04-02 16:55:22] INFO: https://iad.mirror.rackspace.com/archlinux/                 860.14 KiB/s     0.16 s
[2020-04-02 16:55:22] INFO: https://mirror.rackspace.com/archlinux/                    1947.72 KiB/s     0.07 s
[2020-04-02 16:55:22] INFO: https://ord.mirror.rackspace.com/archlinux/                2307.49 KiB/s     0.06 s
[2020-04-02 16:55:22] INFO: http://mirror.vpsfree.cz/archlinux/                         246.45 KiB/s     0.55 s
[2020-04-02 16:55:22] INFO: http://hkg.mirror.rackspace.com/archlinux/                  133.56 KiB/s     1.02 s
[2020-04-02 16:55:22] INFO: https://lon.mirror.rackspace.com/archlinux/                 231.46 KiB/s     0.59 s
[2020-04-02 16:55:22] INFO: http://pkg.adfinis-sygroup.ch/archlinux/                    385.23 KiB/s     0.35 s
[2020-04-02 16:55:22] INFO: http://archlinux.polymorf.fr/                               443.26 KiB/s     0.31 s
[2020-04-02 16:55:22] INFO: https://pkg.adfinis-sygroup.ch/archlinux/                   586.38 KiB/s     0.23 s
[2020-04-02 16:55:22] INFO: http://arch.nimukaito.net/                                  300.58 KiB/s     0.45 s
[2020-04-02 16:55:22] INFO: https://arch.nimukaito.net/                                 563.57 KiB/s     0.24 s
[2020-04-02 16:55:22] INFO: https://arch.yourlabs.org/                                  386.29 KiB/s     0.35 s
[2020-04-02 16:55:22] INFO: https://arch-mirror.cloud.louifox.house/                    660.68 KiB/s     0.21 s
[2020-04-02 16:55:22] INFO: http://arch.yourlabs.org/                                   396.14 KiB/s     0.34 s
[2020-04-02 16:55:22] INFO: https://mirrors.eric.ovh/arch/                              607.41 KiB/s     0.22 s
[2020-04-02 16:55:22] INFO: http://mirror.mikrogravitation.org/archlinux/               390.69 KiB/s     0.35 s
[2020-04-02 16:55:22] INFO: https://mirror.mikrogravitation.org/archlinux/              568.55 KiB/s     0.24 s
[2020-04-02 16:55:22] INFO: http://arch.midov.pl/arch/                                  353.28 KiB/s     0.39 s
[2020-04-02 16:55:22] INFO: http://archimonde.ts.si/archlinux/                          371.00 KiB/s     0.37 s
[2020-04-02 16:55:22] INFO: https://archimonde.ts.si/archlinux/                         549.67 KiB/s     0.25 s
[2020-04-02 16:55:22] INFO: http://archlinux.mirror.wearetriple.com/                    185.54 KiB/s     0.74 s
[2020-04-02 16:55:22] INFO: http://mirrors.udenar.edu.co/archlinux/                     469.76 KiB/s     0.29 s
[2020-04-02 16:55:22] INFO: http://mirror.reisenbauer.ee/archlinux/                     366.11 KiB/s     0.37 s
[2020-04-02 16:55:22] INFO: https://archlinux.mirror.wearetriple.com/                   453.43 KiB/s     0.30 s
[2020-04-02 16:55:22] INFO: https://mirror.reisenbauer.ee/archlinux/                    585.17 KiB/s     0.23 s
[2020-04-02 16:55:22] INFO: http://mirror2.evolution-host.com/archlinux/               1172.22 KiB/s     0.12 s
[2020-04-02 16:55:22] INFO: https://mirror2.evolution-host.com/archlinux/              1154.93 KiB/s     0.12 s
[2020-04-02 16:55:22] INFO: http://mirrors.aggregate.org/archlinux/                     695.46 KiB/s     0.20 s
[2020-04-02 16:55:22] INFO: https://arch.unixpeople.org/                                417.35 KiB/s     0.33 s
[2020-04-02 16:55:22] INFO: https://arch.rrig.gs/                                      1171.72 KiB/s     0.12 s
[2020-04-02 16:55:22] INFO: http://mirrors.n-ix.net/archlinux/                          417.20 KiB/s     0.33 s
[2020-04-02 16:55:22] INFO: http://mirrors.sonic.net/archlinux/                        1252.01 KiB/s     0.11 s
[2020-04-02 16:55:22] INFO: http://mirror.siena.edu/archlinux/                         1510.36 KiB/s     0.09 s
[2020-04-02 16:55:22] INFO: https://mirrors.sonic.net/archlinux/                       1238.84 KiB/s     0.11 s
[2020-04-02 16:55:22] INFO: https://mirrors.n-ix.net/archlinux/                         624.49 KiB/s     0.22 s
[2020-04-02 16:55:22] INFO: http://mirror.ams1.nl.leaseweb.net/archlinux/               435.61 KiB/s     0.31 s
[2020-04-02 16:55:22] INFO: http://ftp.lysator.liu.se/pub/archlinux/                    301.48 KiB/s     0.45 s
[2020-04-02 16:55:22] INFO: http://mirror.datacenter.by/pub/archlinux/                  330.78 KiB/s     0.41 s
[2020-04-02 16:55:22] INFO: http://mirror.dal10.us.leaseweb.net/archlinux/             1071.86 KiB/s     0.13 s
[2020-04-02 16:55:22] INFO: https://ftp.lysator.liu.se/pub/archlinux/                   365.27 KiB/s     0.37 s
[2020-04-02 16:55:22] INFO: http://mirror.mia11.us.leaseweb.net/archlinux/             1188.12 KiB/s     0.11 s
[2020-04-02 16:55:22] INFO: http://mirror.wdc1.us.leaseweb.net/archlinux/               850.53 KiB/s     0.16 s
[2020-04-02 16:55:22] INFO: https://mirror.dal10.us.leaseweb.net/archlinux/            2985.61 KiB/s     0.05 s
[2020-04-02 16:55:22] INFO: http://ftp.byfly.by/pub/archlinux/                          176.10 KiB/s     0.77 s
[2020-04-02 16:55:22] INFO: http://mirror.fra10.de.leaseweb.net/archlinux/              416.34 KiB/s     0.33 s
[2020-04-02 16:55:22] INFO: https://mirror.mia11.us.leaseweb.net/archlinux/            1755.12 KiB/s     0.08 s
[2020-04-02 16:55:22] INFO: https://mirror.wdc1.us.leaseweb.net/archlinux/             2331.45 KiB/s     0.06 s
[2020-04-02 16:55:22] INFO: http://archlinux.surlyjake.com/archlinux/                   884.07 KiB/s     0.15 s
[2020-04-02 16:55:22] INFO: https://mirror.ams1.nl.leaseweb.net/archlinux/              649.91 KiB/s     0.21 s
[2020-04-02 16:55:22] INFO: https://mirror.fra10.de.leaseweb.net/archlinux/             620.28 KiB/s     0.22 s
[2020-04-02 16:55:22] INFO: http://mirror.united-gameserver.de/archlinux/               401.93 KiB/s     0.34 s
[2020-04-02 16:55:22] INFO: http://ftp.vectranet.pl/archlinux/                          343.36 KiB/s     0.40 s
[2020-04-02 16:55:22] INFO: http://mirror.system.is/arch/                               328.83 KiB/s     0.41 s
[2020-04-02 16:55:22] INFO: http://mirror.cs.pitt.edu/archlinux/                        831.36 KiB/s     0.16 s
[2020-04-02 16:55:22] INFO: https://mirror.system.is/arch/                              515.96 KiB/s     0.26 s
[2020-04-02 16:55:22] INFO: https://mirror.gnomus.de/                                   410.51 KiB/s     0.33 s
[2020-04-02 16:55:22] INFO: http://mirror.cedia.org.ec/archlinux/                       420.08 KiB/s     0.32 s
[2020-04-02 16:55:22] INFO: http://archlinux.iskon.hr/                                  354.68 KiB/s     0.38 s
[2020-04-02 16:55:22] INFO: http://mirror.neostrada.nl/archlinux/                       450.22 KiB/s     0.30 s
[2020-04-02 16:55:22] INFO: https://mirror.neostrada.nl/archlinux/                      448.44 KiB/s     0.30 s
[2020-04-02 16:55:22] INFO: http://mirror.scd31.com/arch/                               859.95 KiB/s     0.16 s
[2020-04-02 16:55:22] INFO: http://mirror-archlinux.webruimtehosting.nl/                443.91 KiB/s     0.31 s
[2020-04-02 16:55:22] INFO: http://archmirror.hbit.sztaki.hu/archlinux/                 284.55 KiB/s     0.48 s
[2020-04-02 16:55:22] INFO: https://mirror-archlinux.webruimtehosting.nl/               456.58 KiB/s     0.30 s
[2020-04-02 16:55:22] INFO: https://mirror.scd31.com/arch/                              844.12 KiB/s     0.16 s
[2020-04-02 16:55:22] INFO: http://gluttony.sin.cvut.cz/arch/                           401.41 KiB/s     0.34 s
[2020-04-02 16:55:22] INFO: http://mirror.one.com/archlinux/                            366.06 KiB/s     0.37 s
[2020-04-02 16:55:22] INFO: http://mirror.efect.ro/archlinux/                           321.69 KiB/s     0.42 s
[2020-04-02 16:55:22] INFO: http://mirror.kaminski.io/archlinux/                       4018.51 KiB/s     0.03 s
[2020-04-02 16:55:22] INFO: https://mirror.kaminski.io/archlinux/                      5689.88 KiB/s     0.02 s
[2020-04-02 16:55:22] INFO: https://mirror.efect.ro/archlinux/                          315.70 KiB/s     0.43 s
[2020-04-02 16:55:22] INFO: https://gluttony.sin.cvut.cz/arch/                          594.24 KiB/s     0.23 s
[2020-04-02 16:55:22] INFO: http://mirror.math.princeton.edu/pub/archlinux/             743.16 KiB/s     0.18 s
[2020-04-02 16:55:22] INFO: https://mirror.one.com/archlinux/                           382.47 KiB/s     0.36 s
[2020-04-02 16:55:22] INFO: http://archlinux.rezopole.net/                              421.07 KiB/s     0.32 s
[2020-04-02 16:55:22] INFO: http://mirror.undisclose.de/archlinux/                      413.32 KiB/s     0.33 s
[2020-04-02 16:55:22] INFO: http://mirror.archlinux.cl/                                 295.42 KiB/s     0.46 s
[2020-04-02 16:55:22] INFO: https://mirror.undisclose.de/archlinux/                     599.78 KiB/s     0.23 s
[2020-04-02 16:55:22] INFO: http://ftp.snt.utwente.nl/pub/os/linux/archlinux/           419.79 KiB/s     0.32 s
[2020-04-02 16:55:22] INFO: http://arch.petarmaric.com/                                 343.52 KiB/s     0.40 s
[2020-04-02 16:55:22] INFO: http://mirror.veriteknik.net.tr/archlinux/                  290.85 KiB/s     0.47 s
[2020-04-02 16:55:22] INFO: http://shadow.ind.ntou.edu.tw/archlinux/                    292.61 KiB/s     0.47 s
[2020-04-02 16:55:22] INFO: http://glua.ua.pt/pub/archlinux/                            346.10 KiB/s     0.39 s
[2020-04-02 16:55:22] INFO: https://shadow.ind.ntou.edu.tw/archlinux/                   428.29 KiB/s     0.32 s
[2020-04-02 16:55:22] INFO: https://glua.ua.pt/pub/archlinux/                           521.15 KiB/s     0.26 s
[2020-04-02 16:55:22] INFO: http://archlinux.mirror.root.lu/                            407.09 KiB/s     0.34 s
[2020-04-02 16:55:22] INFO: http://ftpmirror.infania.net/mirror/archlinux/              328.89 KiB/s     0.41 s
[2020-04-02 16:55:22] INFO: https://mirror.cloroformo.org/archlinux/                    318.89 KiB/s     0.43 s
[2020-04-02 16:55:22] INFO: http://mirror.netcologne.de/archlinux/                      419.16 KiB/s     0.33 s
[2020-04-02 16:55:22] INFO: http://mir.archlinux.fr/                                    426.18 KiB/s     0.32 s
[2020-04-02 16:55:22] INFO: https://mirror.netcologne.de/archlinux/                     638.25 KiB/s     0.21 s
[2020-04-02 16:55:22] INFO: http://ftp.hosteurope.de/mirror/ftp.archlinux.org/          410.96 KiB/s     0.33 s
[2020-04-02 16:55:22] INFO: http://mirror.is.co.za/mirror/archlinux.org/                172.88 KiB/s     0.79 s
[2020-04-02 16:55:22] INFO: http://ftp.energia.mta.hu/pub/mirrors/ftp.archlinux.org/    381.96 KiB/s     0.36 s
[2020-04-02 16:55:22] INFO: http://ftp.heanet.ie/mirrors/ftp.archlinux.org/             420.57 KiB/s     0.32 s
[2020-04-02 16:55:22] INFO: http://ftp.gwdg.de/pub/linux/archlinux/                     406.20 KiB/s     0.34 s

# setup package building stuff
groupadd builders
+ groupadd builders
useradd -m -s /bin/bash builder
+ useradd -m -s /bin/bash builder
usermod -a -G wheel builder
+ usermod -a -G wheel builder
usermod -a -G builders builder
+ usermod -a -G builders builder
MAKEPKG_BACKUP="/var/cache/makepkg/pkg"
+ MAKEPKG_BACKUP=/var/cache/makepkg/pkg
mkdir -p "${MAKEPKG_BACKUP}"
+ mkdir -p /var/cache/makepkg/pkg
chgrp builders "${MAKEPKG_BACKUP}"
+ chgrp builders /var/cache/makepkg/pkg
chmod g+w "${MAKEPKG_BACKUP}"
+ chmod g+w /var/cache/makepkg/pkg
sed -i "s,^#PKGDEST=.*$,PKGDEST=${MAKEPKG_BACKUP},g" /etc/makepkg.conf
+ sed -i 's,^#PKGDEST=.*$,PKGDEST=/var/cache/makepkg/pkg,g' /etc/makepkg.conf
sed -i 's,^#MAKEFLAGS=.*$,MAKEFLAGS="-j2",g' /etc/makepkg.conf
+ sed -i 's,^#MAKEFLAGS=.*$,MAKEFLAGS="-j2",g' /etc/makepkg.conf

#sed -i 's/^#Server/Server/' /etc/pacman.d/mirrorlist.backup
#rankmirrors -n 6 /etc/pacman.d/mirrorlist.backup > /etc/pacman.d/mirrorlist

#pacman -Syyu --needed --noconfirm vim base-devel git
pacman -Syyu --needed --noconfirm vim
+ pacman -Syyu --needed --noconfirm vim
:: Synchronizing package databases...
downloading core.db...
downloading extra.db...
downloading community.db...
:: Starting full system upgrade...
resolving dependencies...
looking for conflicting packages...

Packages (3) gpm-1.20.7.r27.g1fd1941-2  vim-runtime-8.2.0343-1  vim-8.2.0343-1

Total Download Size:    7.97 MiB
Total Installed Size:  33.21 MiB

:: Proceed with installation? [Y/n] 
:: Retrieving packages...
downloading gpm-1.20.7.r27.g1fd1941-2-x86_64.pkg.tar.xz...
downloading vim-runtime-8.2.0343-1-x86_64.pkg.tar.zst...
downloading vim-8.2.0343-1-x86_64.pkg.tar.zst...
checking keyring...
checking package integrity...
loading package files...
checking for file conflicts...
checking available disk space...
:: Processing package changes...
installing vim-runtime...
Optional dependencies for vim-runtime
    sh: support for some tools and macros [installed]
    python: demoserver example tool [installed]
    gawk: mve tools upport [installed]
installing gpm...
installing vim...
Optional dependencies for vim
    python2: Python 2 language support
    python: Python 3 language support [installed]
    ruby: Ruby language support
    lua: Lua language support
    perl: Perl language support [installed]
    tcl: Tcl language support
:: Running post-transaction hooks...
(1/2) Reloading system manager configuration...
Running in chroot, ignoring request: daemon-reload
(2/2) Arming ConditionNeedsUpdate...
sudo rm "${TMPDIR}"/root-bind/bin/setup-tasks.sh
+sudo rm /var/tmp/genbootstrap.sQgROw/root-bind/bin/setup-tasks.sh
sudo umount "${TMPDIR}"/root-bind
+sudo umount /var/tmp/genbootstrap.sQgROw/root-bind

#sudo sh -c "(cd ${TMPDIR}/root; bsdtar -cf - * | pigz -9 > ${TMPDIR}/root.tar.gz)"
#mv "${TMPDIR}/root.tar.gz" "${CURDIR}/root.tar.gz"
#sudo rm -rf "${TMPDIR}"
echo ${TMPDIR} > TMPDIR
+echo /var/tmp/genbootstrap.sQgROw

